[debug] [2021-04-12T15:16:36.854Z] ----------------------------------------------------------------------
[debug] [2021-04-12T15:16:36.856Z] Command:       C:\Program Files\nodejs\node.exe C:\Users\Nandan\AppData\Roaming\npm\node_modules\firebase-tools\lib\bin\firebase.js deploy
[debug] [2021-04-12T15:16:36.857Z] CLI Version:   9.9.0
[debug] [2021-04-12T15:16:36.857Z] Platform:      win32
[debug] [2021-04-12T15:16:36.857Z] Node Version:  v14.15.0
[debug] [2021-04-12T15:16:36.858Z] Time:          Mon Apr 12 2021 20:46:36 GMT+0530 (India Standard Time)
[debug] [2021-04-12T15:16:36.858Z] ----------------------------------------------------------------------
[debug] 
[debug] [2021-04-12T15:16:36.865Z] > command requires scopes: ["email","openid","https://www.googleapis.com/auth/cloudplatformprojects.readonly","https://www.googleapis.com/auth/firebase","https://www.googleapis.com/auth/cloud-platform"]
[debug] [2021-04-12T15:16:36.866Z] > authorizing via signed-in user (nandankpandey@gmail.com)
[debug] [2021-04-12T15:16:36.866Z] [iam] checking project auth-firebase-bb57f for permissions ["firebase.projects.get","firebasehosting.sites.update"]
[debug] [2021-04-12T15:16:36.868Z] > refreshing access token with scopes: ["email","https://www.googleapis.com/auth/cloud-platform","https://www.googleapis.com/auth/cloudplatformprojects.readonly","https://www.googleapis.com/auth/firebase","openid"]
[debug] [2021-04-12T15:16:36.868Z] >>> HTTP REQUEST POST https://www.googleapis.com/oauth2/v3/token  
 <request body omitted>
[debug] [2021-04-12T15:16:37.503Z] <<< HTTP RESPONSE 200 {"pragma":"no-cache","expires":"Mon, 01 Jan 1990 00:00:00 GMT","date":"Mon, 12 Apr 2021 15:16:37 GMT","cache-control":"no-cache, no-store, max-age=0, must-revalidate","content-type":"application/json; charset=utf-8","vary":"X-Origin, Referer, Origin,Accept-Encoding","server":"scaffolding on HTTPServer2","x-xss-protection":"0","x-frame-options":"SAMEORIGIN","x-content-type-options":"nosniff","alt-svc":"h3-29=\":443\"; ma=2592000,h3-T051=\":443\"; ma=2592000,h3-Q050=\":443\"; ma=2592000,h3-Q046=\":443\"; ma=2592000,h3-Q043=\":443\"; ma=2592000,quic=\":443\"; ma=2592000; v=\"46,43\"","accept-ranges":"none","transfer-encoding":"chunked"}
[debug] [2021-04-12T15:16:37.724Z] >>> HTTP REQUEST POST https://cloudresourcemanager.googleapis.com/v1/projects/auth-firebase-bb57f:testIamPermissions  
 {"permissions":["firebase.projects.get","firebasehosting.sites.update"]}
[debug] [2021-04-12T15:16:58.094Z] <<< HTTP RESPONSE 200 {"content-type":"application/json; charset=UTF-8","vary":"X-Origin, Referer, Origin,Accept-Encoding","date":"Mon, 12 Apr 2021 15:16:39 GMT","server":"ESF","cache-control":"private","x-xss-protection":"0","x-frame-options":"SAMEORIGIN","x-content-type-options":"nosniff","server-timing":"gfet4t7; dur=1350","alt-svc":"h3-29=\":443\"; ma=2592000,h3-T051=\":443\"; ma=2592000,h3-Q050=\":443\"; ma=2592000,h3-Q046=\":443\"; ma=2592000,h3-Q043=\":443\"; ma=2592000,quic=\":443\"; ma=2592000; v=\"46,43\"","accept-ranges":"none","transfer-encoding":"chunked"}
[debug] [2021-04-12T15:16:58.101Z] > refreshing access token with scopes: []
[debug] [2021-04-12T15:16:58.101Z] >>> HTTP REQUEST POST https://www.googleapis.com/oauth2/v3/token  
 <request body omitted>
[debug] [2021-04-12T15:16:58.608Z] <<< HTTP RESPONSE 200 {"pragma":"no-cache","expires":"Mon, 01 Jan 1990 00:00:00 GMT","date":"Mon, 12 Apr 2021 15:16:58 GMT","cache-control":"no-cache, no-store, max-age=0, must-revalidate","content-type":"application/json; charset=utf-8","vary":"X-Origin, Referer, Origin,Accept-Encoding","server":"scaffolding on HTTPServer2","x-xss-protection":"0","x-frame-options":"SAMEORIGIN","x-content-type-options":"nosniff","alt-svc":"h3-29=\":443\"; ma=2592000,h3-T051=\":443\"; ma=2592000,h3-Q050=\":443\"; ma=2592000,h3-Q046=\":443\"; ma=2592000,h3-Q043=\":443\"; ma=2592000,quic=\":443\"; ma=2592000; v=\"46,43\"","accept-ranges":"none","transfer-encoding":"chunked"}
[debug] [2021-04-12T15:16:58.850Z] >>> [apiv2][query] GET https://firebase.googleapis.com/v1beta1/projects/auth-firebase-bb57f [none]
[debug] [2021-04-12T15:16:59.584Z] <<< [apiv2][status] GET https://firebase.googleapis.com/v1beta1/projects/auth-firebase-bb57f 200
[debug] [2021-04-12T15:16:59.585Z] <<< [apiv2][body] GET https://firebase.googleapis.com/v1beta1/projects/auth-firebase-bb57f {"projectId":"auth-firebase-bb57f","projectNumber":"530742206290","displayName":"Auth-firebase","name":"projects/auth-firebase-bb57f","resources":{"hostingSite":"auth-firebase-bb57f"},"state":"ACTIVE"}
[info] 
[info] === Deploying to 'auth-firebase-bb57f'...
[info] 
[info] i  deploying hosting 
[debug] [2021-04-12T15:16:59.596Z] > refreshing access token with scopes: ["email","https://www.googleapis.com/auth/cloud-platform","https://www.googleapis.com/auth/cloudplatformprojects.readonly","https://www.googleapis.com/auth/firebase","openid"]
[debug] [2021-04-12T15:16:59.597Z] >>> HTTP REQUEST POST https://www.googleapis.com/oauth2/v3/token  
 <request body omitted>
[debug] [2021-04-12T15:17:00.133Z] <<< HTTP RESPONSE 200 {"expires":"Mon, 01 Jan 1990 00:00:00 GMT","cache-control":"no-cache, no-store, max-age=0, must-revalidate","date":"Mon, 12 Apr 2021 15:16:59 GMT","pragma":"no-cache","content-type":"application/json; charset=utf-8","vary":"X-Origin, Referer, Origin,Accept-Encoding","server":"scaffolding on HTTPServer2","x-xss-protection":"0","x-frame-options":"SAMEORIGIN","x-content-type-options":"nosniff","alt-svc":"h3-29=\":443\"; ma=2592000,h3-T051=\":443\"; ma=2592000,h3-Q050=\":443\"; ma=2592000,h3-Q046=\":443\"; ma=2592000,h3-Q043=\":443\"; ma=2592000,quic=\":443\"; ma=2592000; v=\"46,43\"","accept-ranges":"none","transfer-encoding":"chunked"}
[debug] [2021-04-12T15:17:00.660Z] >>> HTTP REQUEST POST https://firebasehosting.googleapis.com/v1beta1/sites/auth-firebase-bb57f/versions  
 {"config":{},"labels":{"deployment-tool":"cli-firebase"}}
[debug] [2021-04-12T15:17:03.528Z] <<< HTTP RESPONSE 200 {"content-type":"application/json; charset=UTF-8","vary":"X-Origin, Referer, Origin,Accept-Encoding","date":"Mon, 12 Apr 2021 15:17:02 GMT","server":"ESF","cache-control":"private","x-xss-protection":"0","x-frame-options":"SAMEORIGIN","x-content-type-options":"nosniff","alt-svc":"h3-29=\":443\"; ma=2592000,h3-T051=\":443\"; ma=2592000,h3-Q050=\":443\"; ma=2592000,h3-Q046=\":443\"; ma=2592000,h3-Q043=\":443\"; ma=2592000,quic=\":443\"; ma=2592000; v=\"46,43\"","accept-ranges":"none","transfer-encoding":"chunked"}
[info] i  hosting[auth-firebase-bb57f]: beginning deploy... 
[info] i  hosting[auth-firebase-bb57f]: found 21 files in build 
[debug] [2021-04-12T15:17:03.570Z] [hosting] hash cache [YnVpbGQ] not populated
[debug] [2021-04-12T15:17:03.794Z] > refreshing access token with scopes: []
[debug] [2021-04-12T15:17:03.794Z] >>> HTTP REQUEST POST https://www.googleapis.com/oauth2/v3/token  
 <request body omitted>
[debug] [2021-04-12T15:17:03.795Z] [hosting] hash cache [YnVpbGQ] stored for 21 files
[debug] [2021-04-12T15:17:03.796Z] [hosting][hash queue][FINAL] {"max":218,"min":20,"avg":33.666666666666664,"active":0,"complete":21,"success":21,"errored":0,"retried":0,"total":21,"elapsed":226}
[debug] [2021-04-12T15:17:04.410Z] <<< HTTP RESPONSE 200 {"date":"Mon, 12 Apr 2021 15:17:04 GMT","expires":"Mon, 01 Jan 1990 00:00:00 GMT","cache-control":"no-cache, no-store, max-age=0, must-revalidate","pragma":"no-cache","content-type":"application/json; charset=utf-8","vary":"X-Origin, Referer, Origin,Accept-Encoding","server":"scaffolding on HTTPServer2","x-xss-protection":"0","x-frame-options":"SAMEORIGIN","x-content-type-options":"nosniff","alt-svc":"h3-29=\":443\"; ma=2592000,h3-T051=\":443\"; ma=2592000,h3-Q050=\":443\"; ma=2592000,h3-Q046=\":443\"; ma=2592000,h3-Q043=\":443\"; ma=2592000,quic=\":443\"; ma=2592000; v=\"46,43\"","accept-ranges":"none","transfer-encoding":"chunked"}
[debug] [2021-04-12T15:17:05.608Z] >>> [apiv2][query] POST https://firebasehosting.googleapis.com/v1beta1/sites/auth-firebase-bb57f/versions/37cb4cc15297573d:populateFiles [none]
[debug] [2021-04-12T15:17:05.609Z] >>> [apiv2][body] POST https://firebasehosting.googleapis.com/v1beta1/sites/auth-firebase-bb57f/versions/37cb4cc15297573d:populateFiles {"files":{"/404.html":"daa499dd96d8229e73235345702ba32f0793f0c8e5c0d30e40e37a5872be57aa","/asset-manifest.json":"aa459fffd27a586960283f73468de5a3667cfb7dedabe90862deea50d149047c","/manifest.json":"aff3449bdc238776f5d6d967f19ec491b36aed5fb7f23ccff6500736fd58494a","/index.html":"9f6092f390eb27cd47aa58fa72402347990c182176d10497cfee91e68c8ff7df","/robots.txt":"bfe106a3fb878dc83461c86818bf74fc1bdc7f28538ba613cd3e775516ce8b49","/static/css/main.6dea0f05.chunk.css":"c499cef8b35c8caab7450541cedc21daa38efe1be0cc8e177b8e1ed3fe3a21ce","/static/css/main.6dea0f05.chunk.css.map":"3ab83225cf1664f4cc84e22963e3d093c935fb6a5634f1dcf099a70ffc58d1b8","/static/js/2.475c9eb7.chunk.js.LICENSE.txt":"8166ba1233becf161222fa7e6de47b19a821027f3cf82ea3e3d55a56207ad9cc","/static/js/3.275f0a0a.chunk.js":"64a720e08a4092b69310769f838b9e5e97047ca9e430b6b7c1150dd0d90c5d2a","/static/js/3.275f0a0a.chunk.js.map":"eb154ccddc99229318ac7f4c3d33343a132f6b1d5f6f2b319c8d92d66ac9f0cc","/static/js/main.52d3ea8b.chunk.js":"4775bdd5eddd74af92d0c0498f336773d66555d6a7d77665df60de7d90966d90","/static/js/runtime-main.86056d95.js":"dd789d1fdb74b066874956dd7f569092e4a5bf5c521f7e8e8a119526e0dbfca6","/static/js/runtime-main.86056d95.js.map":"b3667f7b3ecf87cf8cd5028c3c33559854de4e4c95b5a1bd6b3ed7cfccb5ac2a","/static/js/main.52d3ea8b.chunk.js.map":"74fc88ccb1400bc0020d697e0ee7b509a175497cec82aef39f24deccdfd3c698","/favicon.ico":"eae62e993eb980ec8a25058c39d5a51feab118bd2100c4deebb2a9c158ec11f9","/logo192.png":"3ee59515172ee198f3be375979df15ac5345183e656720a381b8872b2a39dc8b","/static/css/2.4c97ca4f.chunk.css":"7e6538a6f0fc738a788c03a9cee1861c42fe2f29017e5026cb867636b24dcf77","/logo512.png":"ee7e2f3fdb8209c4b6fd7bef6ba50d1b9dba30a25bb5c3126df057e1cb6f5331","/static/js/2.475c9eb7.chunk.js":"b663a87406e78178f561cb09eee257d0d3626611feabca6185d941bad20e88ed","/static/css/2.4c97ca4f.chunk.css.map":"a70eaab29a7c2121a70e08850c01f71611bdc0c137e6a4b349704641c33af035","/static/js/2.475c9eb7.chunk.js.map":"1d630a24d04cf40c56f16adbd8fc462b91eae84151e2bbf9ccd0f75e87283598"}}
[debug] [2021-04-12T15:17:08.014Z] <<< [apiv2][status] POST https://firebasehosting.googleapis.com/v1beta1/sites/auth-firebase-bb57f/versions/37cb4cc15297573d:populateFiles 200
[debug] [2021-04-12T15:17:08.015Z] <<< [apiv2][body] POST https://firebasehosting.googleapis.com/v1beta1/sites/auth-firebase-bb57f/versions/37cb4cc15297573d:populateFiles {"uploadRequiredHashes":["7e6538a6f0fc738a788c03a9cee1861c42fe2f29017e5026cb867636b24dcf77","9f6092f390eb27cd47aa58fa72402347990c182176d10497cfee91e68c8ff7df","a70eaab29a7c2121a70e08850c01f71611bdc0c137e6a4b349704641c33af035","1d630a24d04cf40c56f16adbd8fc462b91eae84151e2bbf9ccd0f75e87283598","8166ba1233becf161222fa7e6de47b19a821027f3cf82ea3e3d55a56207ad9cc","daa499dd96d8229e73235345702ba32f0793f0c8e5c0d30e40e37a5872be57aa","eb154ccddc99229318ac7f4c3d33343a132f6b1d5f6f2b319c8d92d66ac9f0cc","4775bdd5eddd74af92d0c0498f336773d66555d6a7d77665df60de7d90966d90","b663a87406e78178f561cb09eee257d0d3626611feabca6185d941bad20e88ed","dd789d1fdb74b066874956dd7f569092e4a5bf5c521f7e8e8a119526e0dbfca6","b3667f7b3ecf87cf8cd5028c3c33559854de4e4c95b5a1bd6b3ed7cfccb5ac2a","c499cef8b35c8caab7450541cedc21daa38efe1be0cc8e177b8e1ed3fe3a21ce","74fc88ccb1400bc0020d697e0ee7b509a175497cec82aef39f24deccdfd3c698","64a720e08a4092b69310769f838b9e5e97047ca9e430b6b7c1150dd0d90c5d2a","aa459fffd27a586960283f73468de5a3667cfb7dedabe90862deea50d149047c","3ab83225cf1664f4cc84e22963e3d093c935fb6a5634f1dcf099a70ffc58d1b8"],"uploadUrl":"https://upload-firebasehosting.googleapis.com/upload/sites/auth-firebase-bb57f/versions/37cb4cc15297573d/files"}
[debug] [2021-04-12T15:17:08.029Z] >>> [apiv2][query] POST https://upload-firebasehosting.googleapis.com/upload/sites/auth-firebase-bb57f/versions/37cb4cc15297573d/files/7e6538a6f0fc738a788c03a9cee1861c42fe2f29017e5026cb867636b24dcf77 [none]
[debug] [2021-04-12T15:17:08.030Z] >>> [apiv2][body] POST https://upload-firebasehosting.googleapis.com/upload/sites/auth-firebase-bb57f/versions/37cb4cc15297573d/files/7e6538a6f0fc738a788c03a9cee1861c42fe2f29017e5026cb867636b24dcf77 [stream]
[debug] [2021-04-12T15:17:08.032Z] >>> [apiv2][query] POST https://upload-firebasehosting.googleapis.com/upload/sites/auth-firebase-bb57f/versions/37cb4cc15297573d/files/9f6092f390eb27cd47aa58fa72402347990c182176d10497cfee91e68c8ff7df [none]
[debug] [2021-04-12T15:17:08.032Z] >>> [apiv2][body] POST https://upload-firebasehosting.googleapis.com/upload/sites/auth-firebase-bb57f/versions/37cb4cc15297573d/files/9f6092f390eb27cd47aa58fa72402347990c182176d10497cfee91e68c8ff7df [stream]
[debug] [2021-04-12T15:17:08.034Z] >>> [apiv2][query] POST https://upload-firebasehosting.googleapis.com/upload/sites/auth-firebase-bb57f/versions/37cb4cc15297573d/files/a70eaab29a7c2121a70e08850c01f71611bdc0c137e6a4b349704641c33af035 [none]
[debug] [2021-04-12T15:17:08.034Z] >>> [apiv2][body] POST https://upload-firebasehosting.googleapis.com/upload/sites/auth-firebase-bb57f/versions/37cb4cc15297573d/files/a70eaab29a7c2121a70e08850c01f71611bdc0c137e6a4b349704641c33af035 [stream]
[debug] [2021-04-12T15:17:08.036Z] >>> [apiv2][query] POST https://upload-firebasehosting.googleapis.com/upload/sites/auth-firebase-bb57f/versions/37cb4cc15297573d/files/1d630a24d04cf40c56f16adbd8fc462b91eae84151e2bbf9ccd0f75e87283598 [none]
[debug] [2021-04-12T15:17:08.036Z] >>> [apiv2][body] POST https://upload-firebasehosting.googleapis.com/upload/sites/auth-firebase-bb57f/versions/37cb4cc15297573d/files/1d630a24d04cf40c56f16adbd8fc462b91eae84151e2bbf9ccd0f75e87283598 [stream]
[debug] [2021-04-12T15:17:08.043Z] >>> [apiv2][query] POST https://upload-firebasehosting.googleapis.com/upload/sites/auth-firebase-bb57f/versions/37cb4cc15297573d/files/8166ba1233becf161222fa7e6de47b19a821027f3cf82ea3e3d55a56207ad9cc [none]
[debug] [2021-04-12T15:17:08.043Z] >>> [apiv2][body] POST https://upload-firebasehosting.googleapis.com/upload/sites/auth-firebase-bb57f/versions/37cb4cc15297573d/files/8166ba1233becf161222fa7e6de47b19a821027f3cf82ea3e3d55a56207ad9cc [stream]
[debug] [2021-04-12T15:17:08.044Z] >>> [apiv2][query] POST https://upload-firebasehosting.googleapis.com/upload/sites/auth-firebase-bb57f/versions/37cb4cc15297573d/files/daa499dd96d8229e73235345702ba32f0793f0c8e5c0d30e40e37a5872be57aa [none]
[debug] [2021-04-12T15:17:08.045Z] >>> [apiv2][body] POST https://upload-firebasehosting.googleapis.com/upload/sites/auth-firebase-bb57f/versions/37cb4cc15297573d/files/daa499dd96d8229e73235345702ba32f0793f0c8e5c0d30e40e37a5872be57aa [stream]
[debug] [2021-04-12T15:17:08.046Z] >>> [apiv2][query] POST https://upload-firebasehosting.googleapis.com/upload/sites/auth-firebase-bb57f/versions/37cb4cc15297573d/files/eb154ccddc99229318ac7f4c3d33343a132f6b1d5f6f2b319c8d92d66ac9f0cc [none]
[debug] [2021-04-12T15:17:08.046Z] >>> [apiv2][body] POST https://upload-firebasehosting.googleapis.com/upload/sites/auth-firebase-bb57f/versions/37cb4cc15297573d/files/eb154ccddc99229318ac7f4c3d33343a132f6b1d5f6f2b319c8d92d66ac9f0cc [stream]
[debug] [2021-04-12T15:17:08.048Z] >>> [apiv2][query] POST https://upload-firebasehosting.googleapis.com/upload/sites/auth-firebase-bb57f/versions/37cb4cc15297573d/files/4775bdd5eddd74af92d0c0498f336773d66555d6a7d77665df60de7d90966d90 [none]
[debug] [2021-04-12T15:17:08.048Z] >>> [apiv2][body] POST https://upload-firebasehosting.googleapis.com/upload/sites/auth-firebase-bb57f/versions/37cb4cc15297573d/files/4775bdd5eddd74af92d0c0498f336773d66555d6a7d77665df60de7d90966d90 [stream]
[debug] [2021-04-12T15:17:08.049Z] >>> [apiv2][query] POST https://upload-firebasehosting.googleapis.com/upload/sites/auth-firebase-bb57f/versions/37cb4cc15297573d/files/b663a87406e78178f561cb09eee257d0d3626611feabca6185d941bad20e88ed [none]
[debug] [2021-04-12T15:17:08.049Z] >>> [apiv2][body] POST https://upload-firebasehosting.googleapis.com/upload/sites/auth-firebase-bb57f/versions/37cb4cc15297573d/files/b663a87406e78178f561cb09eee257d0d3626611feabca6185d941bad20e88ed [stream]
[debug] [2021-04-12T15:17:08.051Z] >>> [apiv2][query] POST https://upload-firebasehosting.googleapis.com/upload/sites/auth-firebase-bb57f/versions/37cb4cc15297573d/files/dd789d1fdb74b066874956dd7f569092e4a5bf5c521f7e8e8a119526e0dbfca6 [none]
[debug] [2021-04-12T15:17:08.051Z] >>> [apiv2][body] POST https://upload-firebasehosting.googleapis.com/upload/sites/auth-firebase-bb57f/versions/37cb4cc15297573d/files/dd789d1fdb74b066874956dd7f569092e4a5bf5c521f7e8e8a119526e0dbfca6 [stream]
[debug] [2021-04-12T15:17:08.052Z] >>> [apiv2][query] POST https://upload-firebasehosting.googleapis.com/upload/sites/auth-firebase-bb57f/versions/37cb4cc15297573d/files/b3667f7b3ecf87cf8cd5028c3c33559854de4e4c95b5a1bd6b3ed7cfccb5ac2a [none]
[debug] [2021-04-12T15:17:08.053Z] >>> [apiv2][body] POST https://upload-firebasehosting.googleapis.com/upload/sites/auth-firebase-bb57f/versions/37cb4cc15297573d/files/b3667f7b3ecf87cf8cd5028c3c33559854de4e4c95b5a1bd6b3ed7cfccb5ac2a [stream]
[debug] [2021-04-12T15:17:08.054Z] >>> [apiv2][query] POST https://upload-firebasehosting.googleapis.com/upload/sites/auth-firebase-bb57f/versions/37cb4cc15297573d/files/c499cef8b35c8caab7450541cedc21daa38efe1be0cc8e177b8e1ed3fe3a21ce [none]
[debug] [2021-04-12T15:17:08.054Z] >>> [apiv2][body] POST https://upload-firebasehosting.googleapis.com/upload/sites/auth-firebase-bb57f/versions/37cb4cc15297573d/files/c499cef8b35c8caab7450541cedc21daa38efe1be0cc8e177b8e1ed3fe3a21ce [stream]
[debug] [2021-04-12T15:17:08.058Z] >>> [apiv2][query] POST https://upload-firebasehosting.googleapis.com/upload/sites/auth-firebase-bb57f/versions/37cb4cc15297573d/files/74fc88ccb1400bc0020d697e0ee7b509a175497cec82aef39f24deccdfd3c698 [none]
[debug] [2021-04-12T15:17:08.058Z] >>> [apiv2][body] POST https://upload-firebasehosting.googleapis.com/upload/sites/auth-firebase-bb57f/versions/37cb4cc15297573d/files/74fc88ccb1400bc0020d697e0ee7b509a175497cec82aef39f24deccdfd3c698 [stream]
[debug] [2021-04-12T15:17:08.059Z] >>> [apiv2][query] POST https://upload-firebasehosting.googleapis.com/upload/sites/auth-firebase-bb57f/versions/37cb4cc15297573d/files/64a720e08a4092b69310769f838b9e5e97047ca9e430b6b7c1150dd0d90c5d2a [none]
[debug] [2021-04-12T15:17:08.060Z] >>> [apiv2][body] POST https://upload-firebasehosting.googleapis.com/upload/sites/auth-firebase-bb57f/versions/37cb4cc15297573d/files/64a720e08a4092b69310769f838b9e5e97047ca9e430b6b7c1150dd0d90c5d2a [stream]
[debug] [2021-04-12T15:17:08.061Z] >>> [apiv2][query] POST https://upload-firebasehosting.googleapis.com/upload/sites/auth-firebase-bb57f/versions/37cb4cc15297573d/files/aa459fffd27a586960283f73468de5a3667cfb7dedabe90862deea50d149047c [none]
[debug] [2021-04-12T15:17:08.061Z] >>> [apiv2][body] POST https://upload-firebasehosting.googleapis.com/upload/sites/auth-firebase-bb57f/versions/37cb4cc15297573d/files/aa459fffd27a586960283f73468de5a3667cfb7dedabe90862deea50d149047c [stream]
[debug] [2021-04-12T15:17:08.062Z] >>> [apiv2][query] POST https://upload-firebasehosting.googleapis.com/upload/sites/auth-firebase-bb57f/versions/37cb4cc15297573d/files/3ab83225cf1664f4cc84e22963e3d093c935fb6a5634f1dcf099a70ffc58d1b8 [none]
[debug] [2021-04-12T15:17:08.063Z] >>> [apiv2][body] POST https://upload-firebasehosting.googleapis.com/upload/sites/auth-firebase-bb57f/versions/37cb4cc15297573d/files/3ab83225cf1664f4cc84e22963e3d093c935fb6a5634f1dcf099a70ffc58d1b8 [stream]
[debug] [2021-04-12T15:17:08.064Z] [hosting][populate queue][FINAL] {"max":4236,"min":4236,"avg":4236,"active":0,"complete":1,"success":1,"errored":0,"retried":0,"total":1,"elapsed":4271}
[debug] [2021-04-12T15:17:08.064Z] [hosting] uploads queued: 16
[debug] [2021-04-12T15:17:19.127Z] [uploadQueue] Retrying task dd789d1fdb74b066874956dd7f569092e4a5bf5c521f7e8e8a119526e0dbfca6
[debug] [2021-04-12T15:17:19.129Z] >>> [apiv2][query] POST https://upload-firebasehosting.googleapis.com/upload/sites/auth-firebase-bb57f/versions/37cb4cc15297573d/files/dd789d1fdb74b066874956dd7f569092e4a5bf5c521f7e8e8a119526e0dbfca6 [none]
[debug] [2021-04-12T15:17:19.129Z] >>> [apiv2][body] POST https://upload-firebasehosting.googleapis.com/upload/sites/auth-firebase-bb57f/versions/37cb4cc15297573d/files/dd789d1fdb74b066874956dd7f569092e4a5bf5c521f7e8e8a119526e0dbfca6 [stream]
[debug] [2021-04-12T15:17:21.124Z] [uploadQueue] Retrying task 74fc88ccb1400bc0020d697e0ee7b509a175497cec82aef39f24deccdfd3c698
[debug] [2021-04-12T15:17:21.126Z] >>> [apiv2][query] POST https://upload-firebasehosting.googleapis.com/upload/sites/auth-firebase-bb57f/versions/37cb4cc15297573d/files/74fc88ccb1400bc0020d697e0ee7b509a175497cec82aef39f24deccdfd3c698 [none]
[debug] [2021-04-12T15:17:21.126Z] >>> [apiv2][body] POST https://upload-firebasehosting.googleapis.com/upload/sites/auth-firebase-bb57f/versions/37cb4cc15297573d/files/74fc88ccb1400bc0020d697e0ee7b509a175497cec82aef39f24deccdfd3c698 [stream]
[debug] [2021-04-12T15:17:21.844Z] <<< [apiv2][status] POST https://upload-firebasehosting.googleapis.com/upload/sites/auth-firebase-bb57f/versions/37cb4cc15297573d/files/daa499dd96d8229e73235345702ba32f0793f0c8e5c0d30e40e37a5872be57aa 200
[debug] [2021-04-12T15:17:21.845Z] <<< [apiv2][body] POST https://upload-firebasehosting.googleapis.com/upload/sites/auth-firebase-bb57f/versions/37cb4cc15297573d/files/daa499dd96d8229e73235345702ba32f0793f0c8e5c0d30e40e37a5872be57aa [stream]
[debug] [2021-04-12T15:17:21.849Z] <<< [apiv2][status] POST https://upload-firebasehosting.googleapis.com/upload/sites/auth-firebase-bb57f/versions/37cb4cc15297573d/files/c499cef8b35c8caab7450541cedc21daa38efe1be0cc8e177b8e1ed3fe3a21ce 200
[debug] [2021-04-12T15:17:21.850Z] <<< [apiv2][body] POST https://upload-firebasehosting.googleapis.com/upload/sites/auth-firebase-bb57f/versions/37cb4cc15297573d/files/c499cef8b35c8caab7450541cedc21daa38efe1be0cc8e177b8e1ed3fe3a21ce [stream]
[debug] [2021-04-12T15:17:22.259Z] [uploadQueue] Retrying task a70eaab29a7c2121a70e08850c01f71611bdc0c137e6a4b349704641c33af035
[debug] [2021-04-12T15:17:22.261Z] >>> [apiv2][query] POST https://upload-firebasehosting.googleapis.com/upload/sites/auth-firebase-bb57f/versions/37cb4cc15297573d/files/a70eaab29a7c2121a70e08850c01f71611bdc0c137e6a4b349704641c33af035 [none]
[debug] [2021-04-12T15:17:22.261Z] >>> [apiv2][body] POST https://upload-firebasehosting.googleapis.com/upload/sites/auth-firebase-bb57f/versions/37cb4cc15297573d/files/a70eaab29a7c2121a70e08850c01f71611bdc0c137e6a4b349704641c33af035 [stream]
[debug] [2021-04-12T15:17:22.308Z] [uploadQueue] Retrying task b663a87406e78178f561cb09eee257d0d3626611feabca6185d941bad20e88ed
[debug] [2021-04-12T15:17:22.309Z] >>> [apiv2][query] POST https://upload-firebasehosting.googleapis.com/upload/sites/auth-firebase-bb57f/versions/37cb4cc15297573d/files/b663a87406e78178f561cb09eee257d0d3626611feabca6185d941bad20e88ed [none]
[debug] [2021-04-12T15:17:22.310Z] >>> [apiv2][body] POST https://upload-firebasehosting.googleapis.com/upload/sites/auth-firebase-bb57f/versions/37cb4cc15297573d/files/b663a87406e78178f561cb09eee257d0d3626611feabca6185d941bad20e88ed [stream]
[debug] [2021-04-12T15:17:22.412Z] <<< [apiv2][status] POST https://upload-firebasehosting.googleapis.com/upload/sites/auth-firebase-bb57f/versions/37cb4cc15297573d/files/9f6092f390eb27cd47aa58fa72402347990c182176d10497cfee91e68c8ff7df 200
[debug] [2021-04-12T15:17:22.412Z] <<< [apiv2][body] POST https://upload-firebasehosting.googleapis.com/upload/sites/auth-firebase-bb57f/versions/37cb4cc15297573d/files/9f6092f390eb27cd47aa58fa72402347990c182176d10497cfee91e68c8ff7df [stream]
[debug] [2021-04-12T15:17:22.931Z] <<< [apiv2][status] POST https://upload-firebasehosting.googleapis.com/upload/sites/auth-firebase-bb57f/versions/37cb4cc15297573d/files/aa459fffd27a586960283f73468de5a3667cfb7dedabe90862deea50d149047c 200
[debug] [2021-04-12T15:17:22.932Z] <<< [apiv2][body] POST https://upload-firebasehosting.googleapis.com/upload/sites/auth-firebase-bb57f/versions/37cb4cc15297573d/files/aa459fffd27a586960283f73468de5a3667cfb7dedabe90862deea50d149047c [stream]
[debug] [2021-04-12T15:17:23.362Z] [uploadQueue] Retrying task b3667f7b3ecf87cf8cd5028c3c33559854de4e4c95b5a1bd6b3ed7cfccb5ac2a
[debug] [2021-04-12T15:17:23.363Z] >>> [apiv2][query] POST https://upload-firebasehosting.googleapis.com/upload/sites/auth-firebase-bb57f/versions/37cb4cc15297573d/files/b3667f7b3ecf87cf8cd5028c3c33559854de4e4c95b5a1bd6b3ed7cfccb5ac2a [none]
[debug] [2021-04-12T15:17:23.364Z] >>> [apiv2][body] POST https://upload-firebasehosting.googleapis.com/upload/sites/auth-firebase-bb57f/versions/37cb4cc15297573d/files/b3667f7b3ecf87cf8cd5028c3c33559854de4e4c95b5a1bd6b3ed7cfccb5ac2a [stream]
[debug] [2021-04-12T15:17:23.523Z] [uploadQueue] Retrying task 1d630a24d04cf40c56f16adbd8fc462b91eae84151e2bbf9ccd0f75e87283598
[debug] [2021-04-12T15:17:23.525Z] >>> [apiv2][query] POST https://upload-firebasehosting.googleapis.com/upload/sites/auth-firebase-bb57f/versions/37cb4cc15297573d/files/1d630a24d04cf40c56f16adbd8fc462b91eae84151e2bbf9ccd0f75e87283598 [none]
[debug] [2021-04-12T15:17:23.525Z] >>> [apiv2][body] POST https://upload-firebasehosting.googleapis.com/upload/sites/auth-firebase-bb57f/versions/37cb4cc15297573d/files/1d630a24d04cf40c56f16adbd8fc462b91eae84151e2bbf9ccd0f75e87283598 [stream]
[debug] [2021-04-12T15:17:23.595Z] [uploadQueue] Retrying task 3ab83225cf1664f4cc84e22963e3d093c935fb6a5634f1dcf099a70ffc58d1b8
[debug] [2021-04-12T15:17:23.595Z] >>> [apiv2][query] POST https://upload-firebasehosting.googleapis.com/upload/sites/auth-firebase-bb57f/versions/37cb4cc15297573d/files/3ab83225cf1664f4cc84e22963e3d093c935fb6a5634f1dcf099a70ffc58d1b8 [none]
[debug] [2021-04-12T15:17:23.595Z] >>> [apiv2][body] POST https://upload-firebasehosting.googleapis.com/upload/sites/auth-firebase-bb57f/versions/37cb4cc15297573d/files/3ab83225cf1664f4cc84e22963e3d093c935fb6a5634f1dcf099a70ffc58d1b8 [stream]
[debug] [2021-04-12T15:17:23.601Z] [uploadQueue] Retrying task 8166ba1233becf161222fa7e6de47b19a821027f3cf82ea3e3d55a56207ad9cc
[debug] [2021-04-12T15:17:23.601Z] >>> [apiv2][query] POST https://upload-firebasehosting.googleapis.com/upload/sites/auth-firebase-bb57f/versions/37cb4cc15297573d/files/8166ba1233becf161222fa7e6de47b19a821027f3cf82ea3e3d55a56207ad9cc [none]
[debug] [2021-04-12T15:17:23.601Z] >>> [apiv2][body] POST https://upload-firebasehosting.googleapis.com/upload/sites/auth-firebase-bb57f/versions/37cb4cc15297573d/files/8166ba1233becf161222fa7e6de47b19a821027f3cf82ea3e3d55a56207ad9cc [stream]
[debug] [2021-04-12T15:17:23.647Z] <<< [apiv2][status] POST https://upload-firebasehosting.googleapis.com/upload/sites/auth-firebase-bb57f/versions/37cb4cc15297573d/files/dd789d1fdb74b066874956dd7f569092e4a5bf5c521f7e8e8a119526e0dbfca6 200
[debug] [2021-04-12T15:17:23.648Z] <<< [apiv2][body] POST https://upload-firebasehosting.googleapis.com/upload/sites/auth-firebase-bb57f/versions/37cb4cc15297573d/files/dd789d1fdb74b066874956dd7f569092e4a5bf5c521f7e8e8a119526e0dbfca6 [stream]
[debug] [2021-04-12T15:17:23.912Z] [uploadQueue] Retrying task 4775bdd5eddd74af92d0c0498f336773d66555d6a7d77665df60de7d90966d90
[debug] [2021-04-12T15:17:23.913Z] >>> [apiv2][query] POST https://upload-firebasehosting.googleapis.com/upload/sites/auth-firebase-bb57f/versions/37cb4cc15297573d/files/4775bdd5eddd74af92d0c0498f336773d66555d6a7d77665df60de7d90966d90 [none]
[debug] [2021-04-12T15:17:23.914Z] >>> [apiv2][body] POST https://upload-firebasehosting.googleapis.com/upload/sites/auth-firebase-bb57f/versions/37cb4cc15297573d/files/4775bdd5eddd74af92d0c0498f336773d66555d6a7d77665df60de7d90966d90 [stream]
[debug] [2021-04-12T15:17:25.186Z] <<< [apiv2][status] POST https://upload-firebasehosting.googleapis.com/upload/sites/auth-firebase-bb57f/versions/37cb4cc15297573d/files/74fc88ccb1400bc0020d697e0ee7b509a175497cec82aef39f24deccdfd3c698 200
[debug] [2021-04-12T15:17:25.186Z] <<< [apiv2][body] POST https://upload-firebasehosting.googleapis.com/upload/sites/auth-firebase-bb57f/versions/37cb4cc15297573d/files/74fc88ccb1400bc0020d697e0ee7b509a175497cec82aef39f24deccdfd3c698 [stream]
[debug] [2021-04-12T15:17:25.333Z] <<< [apiv2][status] POST https://upload-firebasehosting.googleapis.com/upload/sites/auth-firebase-bb57f/versions/37cb4cc15297573d/files/7e6538a6f0fc738a788c03a9cee1861c42fe2f29017e5026cb867636b24dcf77 200
[debug] [2021-04-12T15:17:25.334Z] <<< [apiv2][body] POST https://upload-firebasehosting.googleapis.com/upload/sites/auth-firebase-bb57f/versions/37cb4cc15297573d/files/7e6538a6f0fc738a788c03a9cee1861c42fe2f29017e5026cb867636b24dcf77 [stream]
[debug] [2021-04-12T15:17:28.409Z] <<< [apiv2][status] POST https://upload-firebasehosting.googleapis.com/upload/sites/auth-firebase-bb57f/versions/37cb4cc15297573d/files/a70eaab29a7c2121a70e08850c01f71611bdc0c137e6a4b349704641c33af035 200
[debug] [2021-04-12T15:17:28.409Z] <<< [apiv2][body] POST https://upload-firebasehosting.googleapis.com/upload/sites/auth-firebase-bb57f/versions/37cb4cc15297573d/files/a70eaab29a7c2121a70e08850c01f71611bdc0c137e6a4b349704641c33af035 [stream]
[debug] [2021-04-12T15:17:28.563Z] <<< [apiv2][status] POST https://upload-firebasehosting.googleapis.com/upload/sites/auth-firebase-bb57f/versions/37cb4cc15297573d/files/b663a87406e78178f561cb09eee257d0d3626611feabca6185d941bad20e88ed 200
[debug] [2021-04-12T15:17:28.564Z] <<< [apiv2][body] POST https://upload-firebasehosting.googleapis.com/upload/sites/auth-firebase-bb57f/versions/37cb4cc15297573d/files/b663a87406e78178f561cb09eee257d0d3626611feabca6185d941bad20e88ed [stream]
[debug] [2021-04-12T15:17:28.994Z] <<< [apiv2][status] POST https://upload-firebasehosting.googleapis.com/upload/sites/auth-firebase-bb57f/versions/37cb4cc15297573d/files/b3667f7b3ecf87cf8cd5028c3c33559854de4e4c95b5a1bd6b3ed7cfccb5ac2a 200
[debug] [2021-04-12T15:17:28.995Z] <<< [apiv2][body] POST https://upload-firebasehosting.googleapis.com/upload/sites/auth-firebase-bb57f/versions/37cb4cc15297573d/files/b3667f7b3ecf87cf8cd5028c3c33559854de4e4c95b5a1bd6b3ed7cfccb5ac2a [stream]
[debug] [2021-04-12T15:17:29.194Z] <<< [apiv2][status] POST https://upload-firebasehosting.googleapis.com/upload/sites/auth-firebase-bb57f/versions/37cb4cc15297573d/files/4775bdd5eddd74af92d0c0498f336773d66555d6a7d77665df60de7d90966d90 200
[debug] [2021-04-12T15:17:29.195Z] <<< [apiv2][body] POST https://upload-firebasehosting.googleapis.com/upload/sites/auth-firebase-bb57f/versions/37cb4cc15297573d/files/4775bdd5eddd74af92d0c0498f336773d66555d6a7d77665df60de7d90966d90 [stream]
[debug] [2021-04-12T15:17:29.372Z] <<< [apiv2][status] POST https://upload-firebasehosting.googleapis.com/upload/sites/auth-firebase-bb57f/versions/37cb4cc15297573d/files/3ab83225cf1664f4cc84e22963e3d093c935fb6a5634f1dcf099a70ffc58d1b8 200
[debug] [2021-04-12T15:17:29.373Z] <<< [apiv2][body] POST https://upload-firebasehosting.googleapis.com/upload/sites/auth-firebase-bb57f/versions/37cb4cc15297573d/files/3ab83225cf1664f4cc84e22963e3d093c935fb6a5634f1dcf099a70ffc58d1b8 [stream]
[debug] [2021-04-12T15:17:29.923Z] <<< [apiv2][status] POST https://upload-firebasehosting.googleapis.com/upload/sites/auth-firebase-bb57f/versions/37cb4cc15297573d/files/8166ba1233becf161222fa7e6de47b19a821027f3cf82ea3e3d55a56207ad9cc 200
[debug] [2021-04-12T15:17:29.924Z] <<< [apiv2][body] POST https://upload-firebasehosting.googleapis.com/upload/sites/auth-firebase-bb57f/versions/37cb4cc15297573d/files/8166ba1233becf161222fa7e6de47b19a821027f3cf82ea3e3d55a56207ad9cc [stream]
[debug] [2021-04-12T15:17:32.692Z] <<< [apiv2][status] POST https://upload-firebasehosting.googleapis.com/upload/sites/auth-firebase-bb57f/versions/37cb4cc15297573d/files/1d630a24d04cf40c56f16adbd8fc462b91eae84151e2bbf9ccd0f75e87283598 200
[debug] [2021-04-12T15:17:32.693Z] <<< [apiv2][body] POST https://upload-firebasehosting.googleapis.com/upload/sites/auth-firebase-bb57f/versions/37cb4cc15297573d/files/1d630a24d04cf40c56f16adbd8fc462b91eae84151e2bbf9ccd0f75e87283598 [stream]
[debug] [2021-04-12T15:17:38.426Z] [uploadQueue] Retrying task eb154ccddc99229318ac7f4c3d33343a132f6b1d5f6f2b319c8d92d66ac9f0cc
[debug] [2021-04-12T15:17:38.428Z] >>> [apiv2][query] POST https://upload-firebasehosting.googleapis.com/upload/sites/auth-firebase-bb57f/versions/37cb4cc15297573d/files/eb154ccddc99229318ac7f4c3d33343a132f6b1d5f6f2b319c8d92d66ac9f0cc [none]
[debug] [2021-04-12T15:17:38.429Z] >>> [apiv2][body] POST https://upload-firebasehosting.googleapis.com/upload/sites/auth-firebase-bb57f/versions/37cb4cc15297573d/files/eb154ccddc99229318ac7f4c3d33343a132f6b1d5f6f2b319c8d92d66ac9f0cc [stream]
[debug] [2021-04-12T15:17:38.433Z] [uploadQueue] Retrying task 64a720e08a4092b69310769f838b9e5e97047ca9e430b6b7c1150dd0d90c5d2a
[debug] [2021-04-12T15:17:38.434Z] >>> [apiv2][query] POST https://upload-firebasehosting.googleapis.com/upload/sites/auth-firebase-bb57f/versions/37cb4cc15297573d/files/64a720e08a4092b69310769f838b9e5e97047ca9e430b6b7c1150dd0d90c5d2a [none]
[debug] [2021-04-12T15:17:38.435Z] >>> [apiv2][body] POST https://upload-firebasehosting.googleapis.com/upload/sites/auth-firebase-bb57f/versions/37cb4cc15297573d/files/64a720e08a4092b69310769f838b9e5e97047ca9e430b6b7c1150dd0d90c5d2a [stream]
